CRITICAL - 2026-03-02 12:39:52 --> ErrorException: Maximum execution time of 120 seconds exceeded
[Method: POST, Route: ktv-rooms/start]
in SYSTEMPATH\Database\MySQLi\Connection.php on line 301.
 1 [internal function]: CodeIgniter\Debug\Exceptions->shutdownHandler()
CRITICAL - 2026-03-02 12:39:52 --> ErrorException: Maximum execution time of 120 seconds exceeded
[Method: GET, Route: ktv-rooms/get-rooms]
in SYSTEMPATH\Session\Handlers\FileHandler.php on line 131.
 1 [internal function]: CodeIgniter\Debug\Exceptions->shutdownHandler()
CRITICAL - 2026-03-02 12:39:53 --> ErrorException: Maximum execution time of 120 seconds exceeded
[Method: POST, Route: ktv-rooms/set-available]
in SYSTEMPATH\Session\Handlers\FileHandler.php on line 131.
 1 [internal function]: CodeIgniter\Debug\Exceptions->shutdownHandler()
CRITICAL - 2026-03-02 12:39:53 --> ErrorException: Maximum execution time of 120 seconds exceeded
[Method: POST, Route: ktv-rooms/set-available]
in SYSTEMPATH\Session\Handlers\FileHandler.php on line 131.
 1 [internal function]: CodeIgniter\Debug\Exceptions->shutdownHandler()
CRITICAL - 2026-03-02 12:39:53 --> ErrorException: Maximum execution time of 120 seconds exceeded
[Method: POST, Route: ktv-rooms/start]
in SYSTEMPATH\Session\Handlers\FileHandler.php on line 131.
 1 [internal function]: CodeIgniter\Debug\Exceptions->shutdownHandler()
CRITICAL - 2026-03-02 12:39:53 --> ErrorException: Maximum execution time of 120 seconds exceeded
[Method: POST, Route: ktv-rooms/start]
in SYSTEMPATH\Session\Handlers\FileHandler.php on line 131.
 1 [internal function]: CodeIgniter\Debug\Exceptions->shutdownHandler()
CRITICAL - 2026-03-02 12:39:53 --> ErrorException: Maximum execution time of 120 seconds exceeded
[Method: GET, Route: ktv-rooms/get-rooms]
in SYSTEMPATH\Session\Handlers\FileHandler.php on line 131.
 1 [internal function]: CodeIgniter\Debug\Exceptions->shutdownHandler()
CRITICAL - 2026-03-02 12:39:53 --> ErrorException: Maximum execution time of 120 seconds exceeded
[Method: POST, Route: ktv-rooms/set-available]
in SYSTEMPATH\Session\Handlers\FileHandler.php on line 131.
 1 [internal function]: CodeIgniter\Debug\Exceptions->shutdownHandler()
CRITICAL - 2026-03-02 12:39:53 --> ErrorException: Maximum execution time of 120 seconds exceeded
[Method: GET, Route: ktv-rooms/get-rooms]
in SYSTEMPATH\Session\Handlers\FileHandler.php on line 131.
 1 [internal function]: CodeIgniter\Debug\Exceptions->shutdownHandler()
CRITICAL - 2026-03-02 12:39:53 --> ErrorException: Maximum execution time of 120 seconds exceeded
[Method: POST, Route: ktv-rooms/set-available]
in SYSTEMPATH\Session\Handlers\FileHandler.php on line 131.
 1 [internal function]: CodeIgniter\Debug\Exceptions->shutdownHandler()
CRITICAL - 2026-03-02 12:39:53 --> ErrorException: Maximum execution time of 120 seconds exceeded
[Method: GET, Route: ktv-rooms/get-rooms]
in SYSTEMPATH\Session\Handlers\FileHandler.php on line 131.
 1 [internal function]: CodeIgniter\Debug\Exceptions->shutdownHandler()
CRITICAL - 2026-03-02 12:39:53 --> ErrorException: Maximum execution time of 120 seconds exceeded
[Method: GET, Route: ktv-rooms]
in SYSTEMPATH\Session\Handlers\FileHandler.php on line 131.
 1 [internal function]: CodeIgniter\Debug\Exceptions->shutdownHandler()
CRITICAL - 2026-03-02 12:39:53 --> ErrorException: Maximum execution time of 120 seconds exceeded
[Method: GET, Route: ktv-rooms/get-rooms]
in SYSTEMPATH\Session\Handlers\FileHandler.php on line 131.
 1 [internal function]: CodeIgniter\Debug\Exceptions->shutdownHandler()
CRITICAL - 2026-03-02 12:39:53 --> ErrorException: Maximum execution time of 120 seconds exceeded
[Method: GET, Route: ktv-rooms/get-rooms]
in SYSTEMPATH\Session\Handlers\FileHandler.php on line 131.
 1 [internal function]: CodeIgniter\Debug\Exceptions->shutdownHandler()
CRITICAL - 2026-03-02 12:39:53 --> ErrorException: Maximum execution time of 120 seconds exceeded
[Method: GET, Route: ktv-rooms/get-rooms]
in SYSTEMPATH\Session\Handlers\FileHandler.php on line 131.
 1 [internal function]: CodeIgniter\Debug\Exceptions->shutdownHandler()
CRITICAL - 2026-03-02 12:39:53 --> ErrorException: Maximum execution time of 120 seconds exceeded
[Method: GET, Route: pos]
in SYSTEMPATH\Session\Handlers\FileHandler.php on line 131.
 1 [internal function]: CodeIgniter\Debug\Exceptions->shutdownHandler()
CRITICAL - 2026-03-02 12:39:53 --> ErrorException: Maximum execution time of 120 seconds exceeded
[Method: GET, Route: ktv-rooms/get-rooms]
in SYSTEMPATH\Session\Handlers\FileHandler.php on line 131.
 1 [internal function]: CodeIgniter\Debug\Exceptions->shutdownHandler()
CRITICAL - 2026-03-02 12:39:53 --> ErrorException: Maximum execution time of 120 seconds exceeded
[Method: GET, Route: ktv-rooms/get-rooms]
in SYSTEMPATH\Session\Handlers\FileHandler.php on line 131.
 1 [internal function]: CodeIgniter\Debug\Exceptions->shutdownHandler()
CRITICAL - 2026-03-02 12:39:54 --> ErrorException: Maximum execution time of 120 seconds exceeded
[Method: GET, Route: ktv-rooms/get-rooms]
in SYSTEMPATH\Session\Handlers\FileHandler.php on line 131.
 1 [internal function]: CodeIgniter\Debug\Exceptions->shutdownHandler()
CRITICAL - 2026-03-02 12:39:54 --> ErrorException: Maximum execution time of 120 seconds exceeded
[Method: GET, Route: ktv-rooms/get-rooms]
in SYSTEMPATH\Session\Handlers\FileHandler.php on line 131.
 1 [internal function]: CodeIgniter\Debug\Exceptions->shutdownHandler()
CRITICAL - 2026-03-02 12:39:54 --> ErrorException: Maximum execution time of 120 seconds exceeded
[Method: GET, Route: ktv-rooms/get-rooms]
in SYSTEMPATH\Session\Handlers\FileHandler.php on line 131.
 1 [internal function]: CodeIgniter\Debug\Exceptions->shutdownHandler()
CRITICAL - 2026-03-02 12:39:54 --> ErrorException: Maximum execution time of 120 seconds exceeded
[Method: GET, Route: ktv-rooms/get-rooms]
in SYSTEMPATH\Session\Handlers\FileHandler.php on line 131.
 1 [internal function]: CodeIgniter\Debug\Exceptions->shutdownHandler()
CRITICAL - 2026-03-02 12:39:54 --> ErrorException: Maximum execution time of 120 seconds exceeded
[Method: GET, Route: ktv-rooms/get-rooms]
in SYSTEMPATH\Session\Handlers\FileHandler.php on line 131.
 1 [internal function]: CodeIgniter\Debug\Exceptions->shutdownHandler()
CRITICAL - 2026-03-02 12:39:54 --> ErrorException: Maximum execution time of 120 seconds exceeded
[Method: GET, Route: ktv-rooms/get-rooms]
in SYSTEMPATH\Session\Handlers\FileHandler.php on line 131.
 1 [internal function]: CodeIgniter\Debug\Exceptions->shutdownHandler()
CRITICAL - 2026-03-02 12:39:54 --> ErrorException: Maximum execution time of 120 seconds exceeded
[Method: GET, Route: ktv-rooms/get-rooms]
in SYSTEMPATH\Session\Handlers\FileHandler.php on line 131.
 1 [internal function]: CodeIgniter\Debug\Exceptions->shutdownHandler()
CRITICAL - 2026-03-02 12:39:54 --> ErrorException: Maximum execution time of 120 seconds exceeded
[Method: GET, Route: ktv-rooms/get-rooms]
in SYSTEMPATH\Session\Handlers\FileHandler.php on line 131.
 1 [internal function]: CodeIgniter\Debug\Exceptions->shutdownHandler()
CRITICAL - 2026-03-02 12:39:54 --> ErrorException: Maximum execution time of 120 seconds exceeded
[Method: GET, Route: ktv-rooms/get-rooms]
in SYSTEMPATH\Session\Handlers\FileHandler.php on line 131.
 1 [internal function]: CodeIgniter\Debug\Exceptions->shutdownHandler()
CRITICAL - 2026-03-02 12:39:54 --> ErrorException: Maximum execution time of 120 seconds exceeded
[Method: GET, Route: ktv-rooms/get-rooms]
in SYSTEMPATH\Session\Handlers\FileHandler.php on line 131.
 1 [internal function]: CodeIgniter\Debug\Exceptions->shutdownHandler()
ERROR - 2026-03-02 12:40:15 --> Error connecting to the database: mysqli_sql_exception: No connection could be made because the target machine actively refused it in C:\xampp\htdocs\BISTRO_POS\system\Database\MySQLi\Connection.php:201
Stack trace:
#0 C:\xampp\htdocs\BISTRO_POS\system\Database\MySQLi\Connection.php(201): mysqli->real_connect('localhost', 'root', Object(SensitiveParameterValue), 'bistro_pos', 3306, '', 0)
#1 C:\xampp\htdocs\BISTRO_POS\system\Database\BaseConnection.php(419): CodeIgniter\Database\MySQLi\Connection->connect(false)
#2 C:\xampp\htdocs\BISTRO_POS\system\Database\BaseConnection.php(654): CodeIgniter\Database\BaseConnection->initialize()
#3 C:\xampp\htdocs\BISTRO_POS\system\Database\BaseBuilder.php(1649): CodeIgniter\Database\BaseConnection->query('SELECT *\nFROM `...', Array, false)
#4 C:\xampp\htdocs\BISTRO_POS\system\Model.php(296): CodeIgniter\Database\BaseBuilder->get()
#5 C:\xampp\htdocs\BISTRO_POS\system\BaseModel.php(713): CodeIgniter\Model->doFirst()
#6 C:\xampp\htdocs\BISTRO_POS\app\Models\UserModel.php(56): CodeIgniter\BaseModel->first()
#7 C:\xampp\htdocs\BISTRO_POS\app\Controllers\Auth.php(74): App\Models\UserModel->findByEmail('admin@example.c...')
#8 C:\xampp\htdocs\BISTRO_POS\system\CodeIgniter.php(951): App\Controllers\Auth->authenticate()
#9 C:\xampp\htdocs\BISTRO_POS\system\CodeIgniter.php(497): CodeIgniter\CodeIgniter->runController(Object(App\Controllers\Auth))
#10 C:\xampp\htdocs\BISTRO_POS\system\CodeIgniter.php(340): CodeIgniter\CodeIgniter->handleRequest(NULL, Object(Config\Cache), false)
#11 C:\xampp\htdocs\BISTRO_POS\system\Boot.php(417): CodeIgniter\CodeIgniter->run()
#12 C:\xampp\htdocs\BISTRO_POS\system\Boot.php(68): CodeIgniter\Boot::runCodeIgniter(Object(CodeIgniter\CodeIgniter))
#13 C:\xampp\htdocs\BISTRO_POS\index.php(59): CodeIgniter\Boot::bootWeb(Object(Config\Paths))
#14 {main}

Next CodeIgniter\Database\Exceptions\DatabaseException: No connection could be made because the target machine actively refused it in C:\xampp\htdocs\BISTRO_POS\system\Database\MySQLi\Connection.php:231
Stack trace:
#0 C:\xampp\htdocs\BISTRO_POS\system\Database\BaseConnection.php(419): CodeIgniter\Database\MySQLi\Connection->connect(false)
#1 C:\xampp\htdocs\BISTRO_POS\system\Database\BaseConnection.php(654): CodeIgniter\Database\BaseConnection->initialize()
#2 C:\xampp\htdocs\BISTRO_POS\system\Database\BaseBuilder.php(1649): CodeIgniter\Database\BaseConnection->query('SELECT *\nFROM `...', Array, false)
#3 C:\xampp\htdocs\BISTRO_POS\system\Model.php(296): CodeIgniter\Database\BaseBuilder->get()
#4 C:\xampp\htdocs\BISTRO_POS\system\BaseModel.php(713): CodeIgniter\Model->doFirst()
#5 C:\xampp\htdocs\BISTRO_POS\app\Models\UserModel.php(56): CodeIgniter\BaseModel->first()
#6 C:\xampp\htdocs\BISTRO_POS\app\Controllers\Auth.php(74): App\Models\UserModel->findByEmail('admin@example.c...')
#7 C:\xampp\htdocs\BISTRO_POS\system\CodeIgniter.php(951): App\Controllers\Auth->authenticate()
#8 C:\xampp\htdocs\BISTRO_POS\system\CodeIgniter.php(497): CodeIgniter\CodeIgniter->runController(Object(App\Controllers\Auth))
#9 C:\xampp\htdocs\BISTRO_POS\system\CodeIgniter.php(340): CodeIgniter\CodeIgniter->handleRequest(NULL, Object(Config\Cache), false)
#10 C:\xampp\htdocs\BISTRO_POS\system\Boot.php(417): CodeIgniter\CodeIgniter->run()
#11 C:\xampp\htdocs\BISTRO_POS\system\Boot.php(68): CodeIgniter\Boot::runCodeIgniter(Object(CodeIgniter\CodeIgniter))
#12 C:\xampp\htdocs\BISTRO_POS\index.php(59): CodeIgniter\Boot::bootWeb(Object(Config\Paths))
#13 {main}
CRITICAL - 2026-03-02 12:40:15 --> CodeIgniter\Database\Exceptions\DatabaseException: Unable to connect to the database.
Main connection [MySQLi]: No connection could be made because the target machine actively refused it
[Method: POST, Route: authenticate]
in SYSTEMPATH\Database\BaseConnection.php on line 465.
 1 SYSTEMPATH\Database\BaseConnection.php(654): CodeIgniter\Database\BaseConnection->initialize()
 2 SYSTEMPATH\Database\BaseBuilder.php(1649): CodeIgniter\Database\BaseConnection->query('SELECT *
FROM `users`
WHERE `email` = :email:
 LIMIT 1', [...], false)
 3 SYSTEMPATH\Model.php(296): CodeIgniter\Database\BaseBuilder->get()
 4 SYSTEMPATH\BaseModel.php(713): CodeIgniter\Model->doFirst()
 5 APPPATH\Models\UserModel.php(56): CodeIgniter\BaseModel->first()
 6 APPPATH\Controllers\Auth.php(74): App\Models\UserModel->findByEmail('admin@example.com')
 7 SYSTEMPATH\CodeIgniter.php(951): App\Controllers\Auth->authenticate()
 8 SYSTEMPATH\CodeIgniter.php(497): CodeIgniter\CodeIgniter->runController(Object(App\Controllers\Auth))
 9 SYSTEMPATH\CodeIgniter.php(340): CodeIgniter\CodeIgniter->handleRequest(null, Object(Config\Cache), false)
10 SYSTEMPATH\Boot.php(417): CodeIgniter\CodeIgniter->run()
11 SYSTEMPATH\Boot.php(68): CodeIgniter\Boot::runCodeIgniter(Object(CodeIgniter\CodeIgniter))
12 FCPATH\index.php(59): CodeIgniter\Boot::bootWeb(Object(Config\Paths))
